<?xml version="1.0" encoding="UTF-8"?>
<testsuite xmlns:xsi="http://www.w3.org/2001/XMLSchema-instance" xsi:noNamespaceSchemaLocation="https://maven.apache.org/surefire/maven-surefire-plugin/xsd/surefire-test-report.xsd" name="TestSuite" time="0.559" tests="5" errors="0" skipped="0" failures="0">
  <properties>
[...]
</properties>
  <testcase name="testcase_1" classname="SampleTest" time="0.003"/>
  <testcase name="testcase_2" classname="SampleTest" time="0"/>
  <testcase name="testcase_3" classname="SampleTest" time="0"/>
  <testcase name="testcase_4" classname="SampleTest" time="0"/>
  <testcase name="testcase_5" classname="SampleTest" time="0"/>
</testsuite>