<?xml version="1.0" encoding="UTF-8"?>
<testng-results ignored="0" total="5" passed="5" failed="0" skipped="0">
  <reporter-output>
  </reporter-output>
  <suite started-at="2023-01-16T23:39:38 IST" name="All Test Suite" finished-at="2023-01-16T23:39:38 IST" duration-ms="30">
    <groups>
    </groups>
    <test started-at="2023-01-16T23:39:38 IST" name="C:/Users/jeffi/IdeaProjects/SamplePipelineProject" finished-at="2023-01-16T23:39:38 IST" duration-ms="30">
      <class name="SampleTest">
        <test-method signature="testcase_1()[pri:0, instance:SampleTest@70325e14]" started-at="2023-01-16T23:39:38 IST" name="testcase_1" finished-at="2023-01-16T23:39:38 IST" duration-ms="3" status="PASS">
          <reporter-output>
          </reporter-output>
        </test-method> <!-- testcase_1 -->
        <test-method signature="testcase_4()[pri:0, instance:SampleTest@70325e14]" started-at="2023-01-16T23:39:38 IST" name="testcase_4" finished-at="2023-01-16T23:39:38 IST" duration-ms="0" status="PASS">
          <reporter-output>
          </reporter-output>
        </test-method> <!-- testcase_4 -->
        <test-method signature="testcase_3()[pri:0, instance:SampleTest@70325e14]" started-at="2023-01-16T23:39:38 IST" name="testcase_3" finished-at="2023-01-16T23:39:38 IST" duration-ms="0" status="PASS">
          <reporter-output>
          </reporter-output>
        </test-method> <!-- testcase_3 -->
        <test-method signature="testcase_5()[pri:0, instance:SampleTest@70325e14]" started-at="2023-01-16T23:39:38 IST" name="testcase_5" finished-at="2023-01-16T23:39:38 IST" duration-ms="1" status="PASS">
          <reporter-output>
          </reporter-output>
        </test-method> <!-- testcase_5 -->
        <test-method signature="testcase_2()[pri:0, instance:SampleTest@70325e14]" started-at="2023-01-16T23:39:38 IST" name="testcase_2" finished-at="2023-01-16T23:39:38 IST" duration-ms="0" status="PASS">
          <reporter-output>
          </reporter-output>
        </test-method> <!-- testcase_2 -->
      </class> <!-- SampleTest -->
    </test> <!-- C:/Users/jeffi/IdeaProjects/SamplePipelineProject -->
  </suite> <!-- All Test Suite -->
</testng-results>
